Copyright 1986-2020 Xilinx, Inc. All Rights Reserved.
-----------------------------------------------------------------------------------------------------------------------------------------------------------------
| Tool Version : Vivado v.2020.2 (lin64) Build 3064766 Wed Nov 18 09:12:47 MST 2020
| Date         : Wed Jul 14 21:47:26 2021
| Host         : ubuntu running 64-bit Ubuntu 18.04.5 LTS
| Command      : report_methodology -file Calibrate_methodology_drc_routed.rpt -pb Calibrate_methodology_drc_routed.pb -rpx Calibrate_methodology_drc_routed.rpx
| Design       : Calibrate
| Device       : xc7a100tcsg324-1
| Speed File   : -1
| Design State : Fully Routed
-----------------------------------------------------------------------------------------------------------------------------------------------------------------

Report Methodology

Table of Contents
-----------------
1. REPORT SUMMARY
2. REPORT DETAILS

1. REPORT SUMMARY
-----------------
            Netlist: netlist
          Floorplan: checkpoint_Calibrate
      Design limits: <entire design considered>
             Max violations: <unlimited>
             Violations found: 138
+-----------+------------------+-------------------------------------------+------------+
| Rule      | Severity         | Description                               | Violations |
+-----------+------------------+-------------------------------------------+------------+
| TIMING-17 | Critical Warning | Non-clocked sequential cell               | 136        |
| TIMING-27 | Critical Warning | Invalid primary clock on hierarchical pin | 1          |
| TIMING-23 | Warning          | Combinational loop found                  | 1          |
+-----------+------------------+-------------------------------------------+------------+

2. REPORT DETAILS
-----------------
TIMING-17#1 Critical Warning
Non-clocked sequential cell  
The clock pin carrychain/TVal_reg[0]/C is not reached by a timing clock
Related violations: <none>

TIMING-17#2 Critical Warning
Non-clocked sequential cell  
The clock pin carrychain/TVal_reg[1]/C is not reached by a timing clock
Related violations: <none>

TIMING-17#3 Critical Warning
Non-clocked sequential cell  
The clock pin carrychain/TVal_reg[2]/C is not reached by a timing clock
Related violations: <none>

TIMING-17#4 Critical Warning
Non-clocked sequential cell  
The clock pin carrychain/TVal_reg[3]/C is not reached by a timing clock
Related violations: <none>

TIMING-17#5 Critical Warning
Non-clocked sequential cell  
The clock pin carrychain/TVal_reg[4]/C is not reached by a timing clock
Related violations: <none>

TIMING-17#6 Critical Warning
Non-clocked sequential cell  
The clock pin carrychain/TVal_reg[5]/C is not reached by a timing clock
Related violations: <none>

TIMING-17#7 Critical Warning
Non-clocked sequential cell  
The clock pin carrychain/TVal_reg[6]/C is not reached by a timing clock
Related violations: <none>

TIMING-17#8 Critical Warning
Non-clocked sequential cell  
The clock pin carrychain/TVal_reg[7]/C is not reached by a timing clock
Related violations: <none>

TIMING-17#9 Critical Warning
Non-clocked sequential cell  
The clock pin carrychain/map_loop2_1[0].map_loop2_2[0].DFF/C is not reached by a timing clock
Related violations: <none>

TIMING-17#10 Critical Warning
Non-clocked sequential cell  
The clock pin carrychain/map_loop2_1[0].map_loop2_2[1].DFF/C is not reached by a timing clock
Related violations: <none>

TIMING-17#11 Critical Warning
Non-clocked sequential cell  
The clock pin carrychain/map_loop2_1[0].map_loop2_2[2].DFF/C is not reached by a timing clock
Related violations: <none>

TIMING-17#12 Critical Warning
Non-clocked sequential cell  
The clock pin carrychain/map_loop2_1[0].map_loop2_2[3].DFF/C is not reached by a timing clock
Related violations: <none>

TIMING-17#13 Critical Warning
Non-clocked sequential cell  
The clock pin carrychain/map_loop2_1[10].map_loop2_2[0].DFF/C is not reached by a timing clock
Related violations: <none>

TIMING-17#14 Critical Warning
Non-clocked sequential cell  
The clock pin carrychain/map_loop2_1[10].map_loop2_2[1].DFF/C is not reached by a timing clock
Related violations: <none>

TIMING-17#15 Critical Warning
Non-clocked sequential cell  
The clock pin carrychain/map_loop2_1[10].map_loop2_2[2].DFF/C is not reached by a timing clock
Related violations: <none>

TIMING-17#16 Critical Warning
Non-clocked sequential cell  
The clock pin carrychain/map_loop2_1[10].map_loop2_2[3].DFF/C is not reached by a timing clock
Related violations: <none>

TIMING-17#17 Critical Warning
Non-clocked sequential cell  
The clock pin carrychain/map_loop2_1[11].map_loop2_2[0].DFF/C is not reached by a timing clock
Related violations: <none>

TIMING-17#18 Critical Warning
Non-clocked sequential cell  
The clock pin carrychain/map_loop2_1[11].map_loop2_2[1].DFF/C is not reached by a timing clock
Related violations: <none>

TIMING-17#19 Critical Warning
Non-clocked sequential cell  
The clock pin carrychain/map_loop2_1[11].map_loop2_2[2].DFF/C is not reached by a timing clock
Related violations: <none>

TIMING-17#20 Critical Warning
Non-clocked sequential cell  
The clock pin carrychain/map_loop2_1[11].map_loop2_2[3].DFF/C is not reached by a timing clock
Related violations: <none>

TIMING-17#21 Critical Warning
Non-clocked sequential cell  
The clock pin carrychain/map_loop2_1[12].map_loop2_2[0].DFF/C is not reached by a timing clock
Related violations: <none>

TIMING-17#22 Critical Warning
Non-clocked sequential cell  
The clock pin carrychain/map_loop2_1[12].map_loop2_2[1].DFF/C is not reached by a timing clock
Related violations: <none>

TIMING-17#23 Critical Warning
Non-clocked sequential cell  
The clock pin carrychain/map_loop2_1[12].map_loop2_2[2].DFF/C is not reached by a timing clock
Related violations: <none>

TIMING-17#24 Critical Warning
Non-clocked sequential cell  
The clock pin carrychain/map_loop2_1[12].map_loop2_2[3].DFF/C is not reached by a timing clock
Related violations: <none>

TIMING-17#25 Critical Warning
Non-clocked sequential cell  
The clock pin carrychain/map_loop2_1[13].map_loop2_2[0].DFF/C is not reached by a timing clock
Related violations: <none>

TIMING-17#26 Critical Warning
Non-clocked sequential cell  
The clock pin carrychain/map_loop2_1[13].map_loop2_2[1].DFF/C is not reached by a timing clock
Related violations: <none>

TIMING-17#27 Critical Warning
Non-clocked sequential cell  
The clock pin carrychain/map_loop2_1[13].map_loop2_2[2].DFF/C is not reached by a timing clock
Related violations: <none>

TIMING-17#28 Critical Warning
Non-clocked sequential cell  
The clock pin carrychain/map_loop2_1[13].map_loop2_2[3].DFF/C is not reached by a timing clock
Related violations: <none>

TIMING-17#29 Critical Warning
Non-clocked sequential cell  
The clock pin carrychain/map_loop2_1[14].map_loop2_2[0].DFF/C is not reached by a timing clock
Related violations: <none>

TIMING-17#30 Critical Warning
Non-clocked sequential cell  
The clock pin carrychain/map_loop2_1[14].map_loop2_2[1].DFF/C is not reached by a timing clock
Related violations: <none>

TIMING-17#31 Critical Warning
Non-clocked sequential cell  
The clock pin carrychain/map_loop2_1[14].map_loop2_2[2].DFF/C is not reached by a timing clock
Related violations: <none>

TIMING-17#32 Critical Warning
Non-clocked sequential cell  
The clock pin carrychain/map_loop2_1[14].map_loop2_2[3].DFF/C is not reached by a timing clock
Related violations: <none>

TIMING-17#33 Critical Warning
Non-clocked sequential cell  
The clock pin carrychain/map_loop2_1[15].map_loop2_2[0].DFF/C is not reached by a timing clock
Related violations: <none>

TIMING-17#34 Critical Warning
Non-clocked sequential cell  
The clock pin carrychain/map_loop2_1[15].map_loop2_2[1].DFF/C is not reached by a timing clock
Related violations: <none>

TIMING-17#35 Critical Warning
Non-clocked sequential cell  
The clock pin carrychain/map_loop2_1[15].map_loop2_2[2].DFF/C is not reached by a timing clock
Related violations: <none>

TIMING-17#36 Critical Warning
Non-clocked sequential cell  
The clock pin carrychain/map_loop2_1[15].map_loop2_2[3].DFF/C is not reached by a timing clock
Related violations: <none>

TIMING-17#37 Critical Warning
Non-clocked sequential cell  
The clock pin carrychain/map_loop2_1[16].map_loop2_2[0].DFF/C is not reached by a timing clock
Related violations: <none>

TIMING-17#38 Critical Warning
Non-clocked sequential cell  
The clock pin carrychain/map_loop2_1[16].map_loop2_2[1].DFF/C is not reached by a timing clock
Related violations: <none>

TIMING-17#39 Critical Warning
Non-clocked sequential cell  
The clock pin carrychain/map_loop2_1[16].map_loop2_2[2].DFF/C is not reached by a timing clock
Related violations: <none>

TIMING-17#40 Critical Warning
Non-clocked sequential cell  
The clock pin carrychain/map_loop2_1[16].map_loop2_2[3].DFF/C is not reached by a timing clock
Related violations: <none>

TIMING-17#41 Critical Warning
Non-clocked sequential cell  
The clock pin carrychain/map_loop2_1[17].map_loop2_2[0].DFF/C is not reached by a timing clock
Related violations: <none>

TIMING-17#42 Critical Warning
Non-clocked sequential cell  
The clock pin carrychain/map_loop2_1[17].map_loop2_2[1].DFF/C is not reached by a timing clock
Related violations: <none>

TIMING-17#43 Critical Warning
Non-clocked sequential cell  
The clock pin carrychain/map_loop2_1[17].map_loop2_2[2].DFF/C is not reached by a timing clock
Related violations: <none>

TIMING-17#44 Critical Warning
Non-clocked sequential cell  
The clock pin carrychain/map_loop2_1[17].map_loop2_2[3].DFF/C is not reached by a timing clock
Related violations: <none>

TIMING-17#45 Critical Warning
Non-clocked sequential cell  
The clock pin carrychain/map_loop2_1[18].map_loop2_2[0].DFF/C is not reached by a timing clock
Related violations: <none>

TIMING-17#46 Critical Warning
Non-clocked sequential cell  
The clock pin carrychain/map_loop2_1[18].map_loop2_2[1].DFF/C is not reached by a timing clock
Related violations: <none>

TIMING-17#47 Critical Warning
Non-clocked sequential cell  
The clock pin carrychain/map_loop2_1[18].map_loop2_2[2].DFF/C is not reached by a timing clock
Related violations: <none>

TIMING-17#48 Critical Warning
Non-clocked sequential cell  
The clock pin carrychain/map_loop2_1[18].map_loop2_2[3].DFF/C is not reached by a timing clock
Related violations: <none>

TIMING-17#49 Critical Warning
Non-clocked sequential cell  
The clock pin carrychain/map_loop2_1[19].map_loop2_2[0].DFF/C is not reached by a timing clock
Related violations: <none>

TIMING-17#50 Critical Warning
Non-clocked sequential cell  
The clock pin carrychain/map_loop2_1[19].map_loop2_2[1].DFF/C is not reached by a timing clock
Related violations: <none>

TIMING-17#51 Critical Warning
Non-clocked sequential cell  
The clock pin carrychain/map_loop2_1[19].map_loop2_2[2].DFF/C is not reached by a timing clock
Related violations: <none>

TIMING-17#52 Critical Warning
Non-clocked sequential cell  
The clock pin carrychain/map_loop2_1[19].map_loop2_2[3].DFF/C is not reached by a timing clock
Related violations: <none>

TIMING-17#53 Critical Warning
Non-clocked sequential cell  
The clock pin carrychain/map_loop2_1[1].map_loop2_2[0].DFF/C is not reached by a timing clock
Related violations: <none>

TIMING-17#54 Critical Warning
Non-clocked sequential cell  
The clock pin carrychain/map_loop2_1[1].map_loop2_2[1].DFF/C is not reached by a timing clock
Related violations: <none>

TIMING-17#55 Critical Warning
Non-clocked sequential cell  
The clock pin carrychain/map_loop2_1[1].map_loop2_2[2].DFF/C is not reached by a timing clock
Related violations: <none>

TIMING-17#56 Critical Warning
Non-clocked sequential cell  
The clock pin carrychain/map_loop2_1[1].map_loop2_2[3].DFF/C is not reached by a timing clock
Related violations: <none>

TIMING-17#57 Critical Warning
Non-clocked sequential cell  
The clock pin carrychain/map_loop2_1[20].map_loop2_2[0].DFF/C is not reached by a timing clock
Related violations: <none>

TIMING-17#58 Critical Warning
Non-clocked sequential cell  
The clock pin carrychain/map_loop2_1[20].map_loop2_2[1].DFF/C is not reached by a timing clock
Related violations: <none>

TIMING-17#59 Critical Warning
Non-clocked sequential cell  
The clock pin carrychain/map_loop2_1[20].map_loop2_2[2].DFF/C is not reached by a timing clock
Related violations: <none>

TIMING-17#60 Critical Warning
Non-clocked sequential cell  
The clock pin carrychain/map_loop2_1[20].map_loop2_2[3].DFF/C is not reached by a timing clock
Related violations: <none>

TIMING-17#61 Critical Warning
Non-clocked sequential cell  
The clock pin carrychain/map_loop2_1[21].map_loop2_2[0].DFF/C is not reached by a timing clock
Related violations: <none>

TIMING-17#62 Critical Warning
Non-clocked sequential cell  
The clock pin carrychain/map_loop2_1[21].map_loop2_2[1].DFF/C is not reached by a timing clock
Related violations: <none>

TIMING-17#63 Critical Warning
Non-clocked sequential cell  
The clock pin carrychain/map_loop2_1[21].map_loop2_2[2].DFF/C is not reached by a timing clock
Related violations: <none>

TIMING-17#64 Critical Warning
Non-clocked sequential cell  
The clock pin carrychain/map_loop2_1[21].map_loop2_2[3].DFF/C is not reached by a timing clock
Related violations: <none>

TIMING-17#65 Critical Warning
Non-clocked sequential cell  
The clock pin carrychain/map_loop2_1[22].map_loop2_2[0].DFF/C is not reached by a timing clock
Related violations: <none>

TIMING-17#66 Critical Warning
Non-clocked sequential cell  
The clock pin carrychain/map_loop2_1[22].map_loop2_2[1].DFF/C is not reached by a timing clock
Related violations: <none>

TIMING-17#67 Critical Warning
Non-clocked sequential cell  
The clock pin carrychain/map_loop2_1[22].map_loop2_2[2].DFF/C is not reached by a timing clock
Related violations: <none>

TIMING-17#68 Critical Warning
Non-clocked sequential cell  
The clock pin carrychain/map_loop2_1[22].map_loop2_2[3].DFF/C is not reached by a timing clock
Related violations: <none>

TIMING-17#69 Critical Warning
Non-clocked sequential cell  
The clock pin carrychain/map_loop2_1[23].map_loop2_2[0].DFF/C is not reached by a timing clock
Related violations: <none>

TIMING-17#70 Critical Warning
Non-clocked sequential cell  
The clock pin carrychain/map_loop2_1[23].map_loop2_2[1].DFF/C is not reached by a timing clock
Related violations: <none>

TIMING-17#71 Critical Warning
Non-clocked sequential cell  
The clock pin carrychain/map_loop2_1[23].map_loop2_2[2].DFF/C is not reached by a timing clock
Related violations: <none>

TIMING-17#72 Critical Warning
Non-clocked sequential cell  
The clock pin carrychain/map_loop2_1[23].map_loop2_2[3].DFF/C is not reached by a timing clock
Related violations: <none>

TIMING-17#73 Critical Warning
Non-clocked sequential cell  
The clock pin carrychain/map_loop2_1[24].map_loop2_2[0].DFF/C is not reached by a timing clock
Related violations: <none>

TIMING-17#74 Critical Warning
Non-clocked sequential cell  
The clock pin carrychain/map_loop2_1[24].map_loop2_2[1].DFF/C is not reached by a timing clock
Related violations: <none>

TIMING-17#75 Critical Warning
Non-clocked sequential cell  
The clock pin carrychain/map_loop2_1[24].map_loop2_2[2].DFF/C is not reached by a timing clock
Related violations: <none>

TIMING-17#76 Critical Warning
Non-clocked sequential cell  
The clock pin carrychain/map_loop2_1[24].map_loop2_2[3].DFF/C is not reached by a timing clock
Related violations: <none>

TIMING-17#77 Critical Warning
Non-clocked sequential cell  
The clock pin carrychain/map_loop2_1[25].map_loop2_2[0].DFF/C is not reached by a timing clock
Related violations: <none>

TIMING-17#78 Critical Warning
Non-clocked sequential cell  
The clock pin carrychain/map_loop2_1[25].map_loop2_2[1].DFF/C is not reached by a timing clock
Related violations: <none>

TIMING-17#79 Critical Warning
Non-clocked sequential cell  
The clock pin carrychain/map_loop2_1[25].map_loop2_2[2].DFF/C is not reached by a timing clock
Related violations: <none>

TIMING-17#80 Critical Warning
Non-clocked sequential cell  
The clock pin carrychain/map_loop2_1[25].map_loop2_2[3].DFF/C is not reached by a timing clock
Related violations: <none>

TIMING-17#81 Critical Warning
Non-clocked sequential cell  
The clock pin carrychain/map_loop2_1[26].map_loop2_2[0].DFF/C is not reached by a timing clock
Related violations: <none>

TIMING-17#82 Critical Warning
Non-clocked sequential cell  
The clock pin carrychain/map_loop2_1[26].map_loop2_2[1].DFF/C is not reached by a timing clock
Related violations: <none>

TIMING-17#83 Critical Warning
Non-clocked sequential cell  
The clock pin carrychain/map_loop2_1[26].map_loop2_2[2].DFF/C is not reached by a timing clock
Related violations: <none>

TIMING-17#84 Critical Warning
Non-clocked sequential cell  
The clock pin carrychain/map_loop2_1[26].map_loop2_2[3].DFF/C is not reached by a timing clock
Related violations: <none>

TIMING-17#85 Critical Warning
Non-clocked sequential cell  
The clock pin carrychain/map_loop2_1[27].map_loop2_2[0].DFF/C is not reached by a timing clock
Related violations: <none>

TIMING-17#86 Critical Warning
Non-clocked sequential cell  
The clock pin carrychain/map_loop2_1[27].map_loop2_2[1].DFF/C is not reached by a timing clock
Related violations: <none>

TIMING-17#87 Critical Warning
Non-clocked sequential cell  
The clock pin carrychain/map_loop2_1[27].map_loop2_2[2].DFF/C is not reached by a timing clock
Related violations: <none>

TIMING-17#88 Critical Warning
Non-clocked sequential cell  
The clock pin carrychain/map_loop2_1[27].map_loop2_2[3].DFF/C is not reached by a timing clock
Related violations: <none>

TIMING-17#89 Critical Warning
Non-clocked sequential cell  
The clock pin carrychain/map_loop2_1[28].map_loop2_2[0].DFF/C is not reached by a timing clock
Related violations: <none>

TIMING-17#90 Critical Warning
Non-clocked sequential cell  
The clock pin carrychain/map_loop2_1[28].map_loop2_2[1].DFF/C is not reached by a timing clock
Related violations: <none>

TIMING-17#91 Critical Warning
Non-clocked sequential cell  
The clock pin carrychain/map_loop2_1[28].map_loop2_2[2].DFF/C is not reached by a timing clock
Related violations: <none>

TIMING-17#92 Critical Warning
Non-clocked sequential cell  
The clock pin carrychain/map_loop2_1[28].map_loop2_2[3].DFF/C is not reached by a timing clock
Related violations: <none>

TIMING-17#93 Critical Warning
Non-clocked sequential cell  
The clock pin carrychain/map_loop2_1[29].map_loop2_2[0].DFF/C is not reached by a timing clock
Related violations: <none>

TIMING-17#94 Critical Warning
Non-clocked sequential cell  
The clock pin carrychain/map_loop2_1[29].map_loop2_2[1].DFF/C is not reached by a timing clock
Related violations: <none>

TIMING-17#95 Critical Warning
Non-clocked sequential cell  
The clock pin carrychain/map_loop2_1[29].map_loop2_2[2].DFF/C is not reached by a timing clock
Related violations: <none>

TIMING-17#96 Critical Warning
Non-clocked sequential cell  
The clock pin carrychain/map_loop2_1[29].map_loop2_2[3].DFF/C is not reached by a timing clock
Related violations: <none>

TIMING-17#97 Critical Warning
Non-clocked sequential cell  
The clock pin carrychain/map_loop2_1[2].map_loop2_2[0].DFF/C is not reached by a timing clock
Related violations: <none>

TIMING-17#98 Critical Warning
Non-clocked sequential cell  
The clock pin carrychain/map_loop2_1[2].map_loop2_2[1].DFF/C is not reached by a timing clock
Related violations: <none>

TIMING-17#99 Critical Warning
Non-clocked sequential cell  
The clock pin carrychain/map_loop2_1[2].map_loop2_2[2].DFF/C is not reached by a timing clock
Related violations: <none>

TIMING-17#100 Critical Warning
Non-clocked sequential cell  
The clock pin carrychain/map_loop2_1[2].map_loop2_2[3].DFF/C is not reached by a timing clock
Related violations: <none>

TIMING-17#101 Critical Warning
Non-clocked sequential cell  
The clock pin carrychain/map_loop2_1[30].map_loop2_2[0].DFF/C is not reached by a timing clock
Related violations: <none>

TIMING-17#102 Critical Warning
Non-clocked sequential cell  
The clock pin carrychain/map_loop2_1[30].map_loop2_2[1].DFF/C is not reached by a timing clock
Related violations: <none>

TIMING-17#103 Critical Warning
Non-clocked sequential cell  
The clock pin carrychain/map_loop2_1[30].map_loop2_2[2].DFF/C is not reached by a timing clock
Related violations: <none>

TIMING-17#104 Critical Warning
Non-clocked sequential cell  
The clock pin carrychain/map_loop2_1[30].map_loop2_2[3].DFF/C is not reached by a timing clock
Related violations: <none>

TIMING-17#105 Critical Warning
Non-clocked sequential cell  
The clock pin carrychain/map_loop2_1[31].map_loop2_2[0].DFF/C is not reached by a timing clock
Related violations: <none>

TIMING-17#106 Critical Warning
Non-clocked sequential cell  
The clock pin carrychain/map_loop2_1[31].map_loop2_2[1].DFF/C is not reached by a timing clock
Related violations: <none>

TIMING-17#107 Critical Warning
Non-clocked sequential cell  
The clock pin carrychain/map_loop2_1[31].map_loop2_2[2].DFF/C is not reached by a timing clock
Related violations: <none>

TIMING-17#108 Critical Warning
Non-clocked sequential cell  
The clock pin carrychain/map_loop2_1[31].map_loop2_2[3].DFF/C is not reached by a timing clock
Related violations: <none>

TIMING-17#109 Critical Warning
Non-clocked sequential cell  
The clock pin carrychain/map_loop2_1[3].map_loop2_2[0].DFF/C is not reached by a timing clock
Related violations: <none>

TIMING-17#110 Critical Warning
Non-clocked sequential cell  
The clock pin carrychain/map_loop2_1[3].map_loop2_2[1].DFF/C is not reached by a timing clock
Related violations: <none>

TIMING-17#111 Critical Warning
Non-clocked sequential cell  
The clock pin carrychain/map_loop2_1[3].map_loop2_2[2].DFF/C is not reached by a timing clock
Related violations: <none>

TIMING-17#112 Critical Warning
Non-clocked sequential cell  
The clock pin carrychain/map_loop2_1[3].map_loop2_2[3].DFF/C is not reached by a timing clock
Related violations: <none>

TIMING-17#113 Critical Warning
Non-clocked sequential cell  
The clock pin carrychain/map_loop2_1[4].map_loop2_2[0].DFF/C is not reached by a timing clock
Related violations: <none>

TIMING-17#114 Critical Warning
Non-clocked sequential cell  
The clock pin carrychain/map_loop2_1[4].map_loop2_2[1].DFF/C is not reached by a timing clock
Related violations: <none>

TIMING-17#115 Critical Warning
Non-clocked sequential cell  
The clock pin carrychain/map_loop2_1[4].map_loop2_2[2].DFF/C is not reached by a timing clock
Related violations: <none>

TIMING-17#116 Critical Warning
Non-clocked sequential cell  
The clock pin carrychain/map_loop2_1[4].map_loop2_2[3].DFF/C is not reached by a timing clock
Related violations: <none>

TIMING-17#117 Critical Warning
Non-clocked sequential cell  
The clock pin carrychain/map_loop2_1[5].map_loop2_2[0].DFF/C is not reached by a timing clock
Related violations: <none>

TIMING-17#118 Critical Warning
Non-clocked sequential cell  
The clock pin carrychain/map_loop2_1[5].map_loop2_2[1].DFF/C is not reached by a timing clock
Related violations: <none>

TIMING-17#119 Critical Warning
Non-clocked sequential cell  
The clock pin carrychain/map_loop2_1[5].map_loop2_2[2].DFF/C is not reached by a timing clock
Related violations: <none>

TIMING-17#120 Critical Warning
Non-clocked sequential cell  
The clock pin carrychain/map_loop2_1[5].map_loop2_2[3].DFF/C is not reached by a timing clock
Related violations: <none>

TIMING-17#121 Critical Warning
Non-clocked sequential cell  
The clock pin carrychain/map_loop2_1[6].map_loop2_2[0].DFF/C is not reached by a timing clock
Related violations: <none>

TIMING-17#122 Critical Warning
Non-clocked sequential cell  
The clock pin carrychain/map_loop2_1[6].map_loop2_2[1].DFF/C is not reached by a timing clock
Related violations: <none>

TIMING-17#123 Critical Warning
Non-clocked sequential cell  
The clock pin carrychain/map_loop2_1[6].map_loop2_2[2].DFF/C is not reached by a timing clock
Related violations: <none>

TIMING-17#124 Critical Warning
Non-clocked sequential cell  
The clock pin carrychain/map_loop2_1[6].map_loop2_2[3].DFF/C is not reached by a timing clock
Related violations: <none>

TIMING-17#125 Critical Warning
Non-clocked sequential cell  
The clock pin carrychain/map_loop2_1[7].map_loop2_2[0].DFF/C is not reached by a timing clock
Related violations: <none>

TIMING-17#126 Critical Warning
Non-clocked sequential cell  
The clock pin carrychain/map_loop2_1[7].map_loop2_2[1].DFF/C is not reached by a timing clock
Related violations: <none>

TIMING-17#127 Critical Warning
Non-clocked sequential cell  
The clock pin carrychain/map_loop2_1[7].map_loop2_2[2].DFF/C is not reached by a timing clock
Related violations: <none>

TIMING-17#128 Critical Warning
Non-clocked sequential cell  
The clock pin carrychain/map_loop2_1[7].map_loop2_2[3].DFF/C is not reached by a timing clock
Related violations: <none>

TIMING-17#129 Critical Warning
Non-clocked sequential cell  
The clock pin carrychain/map_loop2_1[8].map_loop2_2[0].DFF/C is not reached by a timing clock
Related violations: <none>

TIMING-17#130 Critical Warning
Non-clocked sequential cell  
The clock pin carrychain/map_loop2_1[8].map_loop2_2[1].DFF/C is not reached by a timing clock
Related violations: <none>

TIMING-17#131 Critical Warning
Non-clocked sequential cell  
The clock pin carrychain/map_loop2_1[8].map_loop2_2[2].DFF/C is not reached by a timing clock
Related violations: <none>

TIMING-17#132 Critical Warning
Non-clocked sequential cell  
The clock pin carrychain/map_loop2_1[8].map_loop2_2[3].DFF/C is not reached by a timing clock
Related violations: <none>

TIMING-17#133 Critical Warning
Non-clocked sequential cell  
The clock pin carrychain/map_loop2_1[9].map_loop2_2[0].DFF/C is not reached by a timing clock
Related violations: <none>

TIMING-17#134 Critical Warning
Non-clocked sequential cell  
The clock pin carrychain/map_loop2_1[9].map_loop2_2[1].DFF/C is not reached by a timing clock
Related violations: <none>

TIMING-17#135 Critical Warning
Non-clocked sequential cell  
The clock pin carrychain/map_loop2_1[9].map_loop2_2[2].DFF/C is not reached by a timing clock
Related violations: <none>

TIMING-17#136 Critical Warning
Non-clocked sequential cell  
The clock pin carrychain/map_loop2_1[9].map_loop2_2[3].DFF/C is not reached by a timing clock
Related violations: <none>

TIMING-27#1 Critical Warning
Invalid primary clock on hierarchical pin  
A primary clock clk_generator/inst/clk_in1 is created on an inappropriate internal pin clk_generator/inst/clk_in1. It is not recommended to create a primary clock on a hierarchical pin when its driver pin has a fanout connected to multiple clock pins
Related violations: <none>

TIMING-23#1 Warning
Combinational loop found  
A timing loop has been detected on a combinational path. A timing arc has been disabled between Ring_Osc/ro_loop[5].flip/I0 and Ring_Osc/ro_loop[5].flip/O to disable the timing loop
Related violations: <none>


